# JRE version: OpenJDK Runtime Environment (21.0.7) (build 21.0.7+-13880790-b1038.58)
# Java VM: OpenJDK 64-Bit Server VM (21.0.7+-13880790-b1038.58, mixed mode, tiered, compressed oops, compressed class ptrs, g1 gc, windows-amd64)
GC Precious Log:
 CardTable entry size: 512
 Card Set container configuration: InlinePtr #cards 4 size 8 Array Of Cards #cards 16 size 48 Howl #buckets 8 coarsen threshold 3686 Howl Bitmap #cards 512 size 80 coarsen threshold 460 Card regions per heap region 1 cards per card region 4096
 CPUs: 16 total, 16 available
 Memory: 15724M
 Large Page Support: Disabled
 NUMA Support: Disabled
 Compressed Oops: Enabled (Zero based)
 Heap Region Size: 2M
 Heap Min Capacity: 8M
 Heap Initial Capacity: 246M
 Heap Max Capacity: 3932M
 Pre-touch: Disabled
 Parallel Workers: 13
 Concurrent Workers: 3
 Concurrent Refinement Workers: 13
 Periodic GC: Disabled
Heap:
 garbage-first heap   total 53248K, used 21195K [0x000000070a400000, 0x0000000800000000)
  region size 2048K, 4 young (8192K), 2 survivors (4096K)
 Metaspace       used 45121K, committed 45568K, reserved 1114112K
  class space    used 4894K, committed 5120K, reserved 1048576K
GC Heap History (14 events):
Event: 0.381 GC heap before
{Heap before GC invocations=0 (full 0):
 garbage-first heap   total 251904K, used 20480K [0x000000070a400000, 0x0000000800000000)
  region size 2048K, 11 young (22528K), 0 survivors (0K)
 Metaspace       used 15726K, committed 15936K, reserved 1114112K
  class space    used 1482K, committed 1600K, reserved 1048576K
}
Event: 0.383 GC heap after
{Heap after GC invocations=1 (full 0):
 garbage-first heap   total 251904K, used 4324K [0x000000070a400000, 0x0000000800000000)
  region size 2048K, 2 young (4096K), 2 survivors (4096K)
 Metaspace       used 15726K, committed 15936K, reserved 1114112K
  class space    used 1482K, committed 1600K, reserved 1048576K
}
Event: 0.591 GC heap before
{Heap before GC invocations=1 (full 0):
 garbage-first heap   total 251904K, used 16612K [0x000000070a400000, 0x0000000800000000)
  region size 2048K, 10 young (20480K), 2 survivors (4096K)
 Metaspace       used 21384K, committed 21504K, reserved 1114112K
  class space    used 2065K, committed 2112K, reserved 1048576K
}
Event: 0.594 GC heap after
{Heap after GC invocations=2 (full 0):
 garbage-first heap   total 251904K, used 5814K [0x000000070a400000, 0x0000000800000000)
  region size 2048K, 1 young (2048K), 1 survivors (2048K)
 Metaspace       used 21384K, committed 21504K, reserved 1114112K
  class space    used 2065K, committed 2112K, reserved 1048576K
}
Event: 0.811 GC heap before
{Heap before GC invocations=3 (full 0):
 garbage-first heap   total 28672K, used 24246K [0x000000070a400000, 0x0000000800000000)
  region size 2048K, 11 young (22528K), 1 survivors (2048K)
 Metaspace       used 26581K, committed 26816K, reserved 1114112K
  class space    used 2659K, committed 2752K, reserved 1048576K
}
Event: 0.814 GC heap after
{Heap after GC invocations=4 (full 0):
 garbage-first heap   total 34816K, used 9238K [0x000000070a400000, 0x0000000800000000)
  region size 2048K, 3 young (6144K), 3 survivors (6144K)
 Metaspace       used 26581K, committed 26816K, reserved 1114112K
  class space    used 2659K, committed 2752K, reserved 1048576K
}
Event: 0.923 GC heap before
{Heap before GC invocations=4 (full 0):
 garbage-first heap   total 34816K, used 21526K [0x000000070a400000, 0x0000000800000000)
  region size 2048K, 10 young (20480K), 3 survivors (6144K)
 Metaspace       used 29220K, committed 29440K, reserved 1114112K
  class space    used 2951K, committed 3072K, reserved 1048576K
}
Event: 0.925 GC heap after
{Heap after GC invocations=5 (full 0):
 garbage-first heap   total 34816K, used 10217K [0x000000070a400000, 0x0000000800000000)
  region size 2048K, 1 young (2048K), 1 survivors (2048K)
 Metaspace       used 29220K, committed 29440K, reserved 1114112K
  class space    used 2951K, committed 3072K, reserved 1048576K
}
Event: 1.057 GC heap before
{Heap before GC invocations=5 (full 0):
 garbage-first heap   total 34816K, used 24553K [0x000000070a400000, 0x0000000800000000)
  region size 2048K, 8 young (16384K), 1 survivors (2048K)
 Metaspace       used 33592K, committed 33920K, reserved 1114112K
  class space    used 3543K, committed 3712K, reserved 1048576K
}
Event: 1.059 GC heap after
{Heap after GC invocations=6 (full 0):
 garbage-first heap   total 34816K, used 11284K [0x000000070a400000, 0x0000000800000000)
  region size 2048K, 1 young (2048K), 1 survivors (2048K)
 Metaspace       used 33592K, committed 33920K, reserved 1114112K
  class space    used 3543K, committed 3712K, reserved 1048576K
}
Event: 1.096 GC heap before
{Heap before GC invocations=6 (full 0):
 garbage-first heap   total 34816K, used 17428K [0x000000070a400000, 0x0000000800000000)
  region size 2048K, 5 young (10240K), 1 survivors (2048K)
 Metaspace       used 35762K, committed 36032K, reserved 1114112K
  class space    used 3800K, committed 3904K, reserved 1048576K
}
Event: 1.099 GC heap after
{Heap after GC invocations=7 (full 0):
 garbage-first heap   total 143360K, used 12457K [0x000000070a400000, 0x0000000800000000)
  region size 2048K, 1 young (2048K), 1 survivors (2048K)
 Metaspace       used 35762K, committed 36032K, reserved 1114112K
  class space    used 3800K, committed 3904K, reserved 1048576K
}
Event: 3.551 GC heap before
{Heap before GC invocations=8 (full 0):
 garbage-first heap   total 49152K, used 45225K [0x000000070a400000, 0x0000000800000000)
  region size 2048K, 16 young (32768K), 1 survivors (2048K)
 Metaspace       used 44414K, committed 44864K, reserved 1114112K
  class space    used 4838K, committed 5056K, reserved 1048576K
}
Event: 3.554 GC heap after
{Heap after GC invocations=9 (full 0):
 garbage-first heap   total 53248K, used 19147K [0x000000070a400000, 0x0000000800000000)
  region size 2048K, 2 young (4096K), 2 survivors (4096K)
 Metaspace       used 44414K, committed 44864K, reserved 1114112K
  class space    used 4838K, committed 5056K, reserved 1048576K
}

